The target system is: Android - 19 - armv5te
The host system is: Linux - 4.4.0-47-lowlatency - x86_64
Determining if the C compiler works passed with the following output:
Change Dir: /home/coolshou/sdb2/develop/BtCarduino/Android/app/.externalNativeBuild/cmake/release/armeabi/CMakeFiles/CMakeTmp

Run Build Command:"/home/coolshou/Android/Sdk/cmake/3.6.3155560/bin/ninja" "cmTC_c72ba"
[1/2] Building C object CMakeFiles/cmTC_c72ba.dir/testCCompiler.c.o
[2/2] Linking C executable cmTC_c72ba


Detecting C compiler ABI info compiled with the following output:
Change Dir: /home/coolshou/sdb2/develop/BtCarduino/Android/app/.externalNativeBuild/cmake/release/armeabi/CMakeFiles/CMakeTmp

Run Build Command:"/home/coolshou/Android/Sdk/cmake/3.6.3155560/bin/ninja" "cmTC_23922"
[1/2] Building C object CMakeFiles/cmTC_23922.dir/CMakeCCompilerABI.c.o
[2/2] Linking C executable cmTC_23922
Android clang version 3.8.256229  (based on LLVM 3.8.256229)
Target: armv5te-none-linux-android
Thread model: posix
InstalledDir: /home/coolshou/Android/Sdk/ndk-bundle/toolchains/llvm/prebuilt/linux-x86_64/bin
Found candidate GCC installation: /home/coolshou/Android/Sdk/ndk-bundle/toolchains/arm-linux-androideabi-4.9/prebuilt/linux-x86_64/lib/gcc/arm-linux-androideabi/4.9.x
Selected GCC installation: /home/coolshou/Android/Sdk/ndk-bundle/toolchains/arm-linux-androideabi-4.9/prebuilt/linux-x86_64/lib/gcc/arm-linux-androideabi/4.9.x
Candidate multilib: .;@m32
Selected multilib: .;@m32
 "/home/coolshou/Android/Sdk/ndk-bundle/toolchains/arm-linux-androideabi-4.9/prebuilt/linux-x86_64/lib/gcc/arm-linux-androideabi/4.9.x/../../../../arm-linux-androideabi/bin/ld" --sysroot=/home/coolshou/Android/Sdk/ndk-bundle/platforms/android-19/arch-arm -pie -z relro -X --build-id --eh-frame-hdr -m armelf_linux_eabi -dynamic-linker /system/bin/linker -o cmTC_23922 /home/coolshou/Android/Sdk/ndk-bundle/platforms/android-19/arch-arm/usr/lib/../lib/crtbegin_dynamic.o -L/home/coolshou/Android/Sdk/ndk-bundle/toolchains/arm-linux-androideabi-4.9/prebuilt/linux-x86_64/lib/gcc/arm-linux-androideabi/4.9.x -L/home/coolshou/Android/Sdk/ndk-bundle/toolchains/arm-linux-androideabi-4.9/prebuilt/linux-x86_64/lib/gcc/arm-linux-androideabi/4.9.x/../../../../arm-linux-androideabi/lib/../lib -L/home/coolshou/Android/Sdk/ndk-bundle/platforms/android-19/arch-arm/usr/lib/../lib -L/home/coolshou/Android/Sdk/ndk-bundle/toolchains/arm-linux-androideabi-4.9/prebuilt/linux-x86_64/lib/gcc/arm-linux-androideabi/4.9.x/../../../../arm-linux-androideabi/lib -L/home/coolshou/Android/Sdk/ndk-bundle/platforms/android-19/arch-arm/usr/lib --build-id --warn-shared-textrel --fatal-warnings --no-undefined -z noexecstack -z relro -z now --gc-sections -z nocopyreloc --build-id --warn-shared-textrel --fatal-warnings --no-undefined -z noexecstack -z relro -z now --gc-sections -z nocopyreloc CMakeFiles/cmTC_23922.dir/CMakeCCompilerABI.c.o -lgcc -ldl -lc -lgcc -ldl /home/coolshou/Android/Sdk/ndk-bundle/platforms/android-19/arch-arm/usr/lib/../lib/crtend_android.o


Parsed C implicit link information from above output:
  link line regex: [^( *|.*[/\])(arm-linux-androideabi-ld|([^/\]+-)?ld|collect2)[^/\]*( |$)]
  ignore line: [Change Dir: /home/coolshou/sdb2/develop/BtCarduino/Android/app/.externalNativeBuild/cmake/release/armeabi/CMakeFiles/CMakeTmp]
  ignore line: []
  ignore line: [Run Build Command:"/home/coolshou/Android/Sdk/cmake/3.6.3155560/bin/ninja" "cmTC_23922"]
  ignore line: [[1/2] Building C object CMakeFiles/cmTC_23922.dir/CMakeCCompilerABI.c.o]
  ignore line: [[2/2] Linking C executable cmTC_23922]
  ignore line: [Android clang version 3.8.256229  (based on LLVM 3.8.256229)]
  ignore line: [Target: armv5te-none-linux-android]
  ignore line: [Thread model: posix]
  ignore line: [InstalledDir: /home/coolshou/Android/Sdk/ndk-bundle/toolchains/llvm/prebuilt/linux-x86_64/bin]
  ignore line: [Found candidate GCC installation: /home/coolshou/Android/Sdk/ndk-bundle/toolchains/arm-linux-androideabi-4.9/prebuilt/linux-x86_64/lib/gcc/arm-linux-androideabi/4.9.x]
  ignore line: [Selected GCC installation: /home/coolshou/Android/Sdk/ndk-bundle/toolchains/arm-linux-androideabi-4.9/prebuilt/linux-x86_64/lib/gcc/arm-linux-androideabi/4.9.x]
  ignore line: [Candidate multilib: .]
  ignore line: [@m32]
  ignore line: [Selected multilib: .]
  ignore line: [@m32]
  link line: [ "/home/coolshou/Android/Sdk/ndk-bundle/toolchains/arm-linux-androideabi-4.9/prebuilt/linux-x86_64/lib/gcc/arm-linux-androideabi/4.9.x/../../../../arm-linux-androideabi/bin/ld" --sysroot=/home/coolshou/Android/Sdk/ndk-bundle/platforms/android-19/arch-arm -pie -z relro -X --build-id --eh-frame-hdr -m armelf_linux_eabi -dynamic-linker /system/bin/linker -o cmTC_23922 /home/coolshou/Android/Sdk/ndk-bundle/platforms/android-19/arch-arm/usr/lib/../lib/crtbegin_dynamic.o -L/home/coolshou/Android/Sdk/ndk-bundle/toolchains/arm-linux-androideabi-4.9/prebuilt/linux-x86_64/lib/gcc/arm-linux-androideabi/4.9.x -L/home/coolshou/Android/Sdk/ndk-bundle/toolchains/arm-linux-androideabi-4.9/prebuilt/linux-x86_64/lib/gcc/arm-linux-androideabi/4.9.x/../../../../arm-linux-androideabi/lib/../lib -L/home/coolshou/Android/Sdk/ndk-bundle/platforms/android-19/arch-arm/usr/lib/../lib -L/home/coolshou/Android/Sdk/ndk-bundle/toolchains/arm-linux-androideabi-4.9/prebuilt/linux-x86_64/lib/gcc/arm-linux-androideabi/4.9.x/../../../../arm-linux-androideabi/lib -L/home/coolshou/Android/Sdk/ndk-bundle/platforms/android-19/arch-arm/usr/lib --build-id --warn-shared-textrel --fatal-warnings --no-undefined -z noexecstack -z relro -z now --gc-sections -z nocopyreloc --build-id --warn-shared-textrel --fatal-warnings --no-undefined -z noexecstack -z relro -z now --gc-sections -z nocopyreloc CMakeFiles/cmTC_23922.dir/CMakeCCompilerABI.c.o -lgcc -ldl -lc -lgcc -ldl /home/coolshou/Android/Sdk/ndk-bundle/platforms/android-19/arch-arm/usr/lib/../lib/crtend_android.o]
    arg [/home/coolshou/Android/Sdk/ndk-bundle/toolchains/arm-linux-androideabi-4.9/prebuilt/linux-x86_64/lib/gcc/arm-linux-androideabi/4.9.x/../../../../arm-linux-androideabi/bin/ld] ==> ignore
    arg [--sysroot=/home/coolshou/Android/Sdk/ndk-bundle/platforms/android-19/arch-arm] ==> ignore
    arg [-pie] ==> ignore
    arg [-zrelro] ==> ignore
    arg [-X] ==> ignore
    arg [--build-id] ==> ignore
    arg [--eh-frame-hdr] ==> ignore
    arg [-m] ==> ignore
    arg [armelf_linux_eabi] ==> ignore
    arg [-dynamic-linker] ==> ignore
    arg [/system/bin/linker] ==> ignore
    arg [-o] ==> ignore
    arg [cmTC_23922] ==> ignore
    arg [/home/coolshou/Android/Sdk/ndk-bundle/platforms/android-19/arch-arm/usr/lib/../lib/crtbegin_dynamic.o] ==> ignore
    arg [-L/home/coolshou/Android/Sdk/ndk-bundle/toolchains/arm-linux-androideabi-4.9/prebuilt/linux-x86_64/lib/gcc/arm-linux-androideabi/4.9.x] ==> dir [/home/coolshou/Android/Sdk/ndk-bundle/toolchains/arm-linux-androideabi-4.9/prebuilt/linux-x86_64/lib/gcc/arm-linux-androideabi/4.9.x]
    arg [-L/home/coolshou/Android/Sdk/ndk-bundle/toolchains/arm-linux-androideabi-4.9/prebuilt/linux-x86_64/lib/gcc/arm-linux-androideabi/4.9.x/../../../../arm-linux-androideabi/lib/../lib] ==> dir [/home/coolshou/Android/Sdk/ndk-bundle/toolchains/arm-linux-androideabi-4.9/prebuilt/linux-x86_64/lib/gcc/arm-linux-androideabi/4.9.x/../../../../arm-linux-androideabi/lib/../lib]
    arg [-L/home/coolshou/Android/Sdk/ndk-bundle/platforms/android-19/arch-arm/usr/lib/../lib] ==> dir [/home/coolshou/Android/Sdk/ndk-bundle/platforms/android-19/arch-arm/usr/lib/../lib]
    arg [-L/home/coolshou/Android/Sdk/ndk-bundle/toolchains/arm-linux-androideabi-4.9/prebuilt/linux-x86_64/lib/gcc/arm-linux-androideabi/4.9.x/../../../../arm-linux-androideabi/lib] ==> dir [/home/coolshou/Android/Sdk/ndk-bundle/toolchains/arm-linux-androideabi-4.9/prebuilt/linux-x86_64/lib/gcc/arm-linux-androideabi/4.9.x/../../../../arm-linux-androideabi/lib]
    arg [-L/home/coolshou/Android/Sdk/ndk-bundle/platforms/android-19/arch-arm/usr/lib] ==> dir [/home/coolshou/Android/Sdk/ndk-bundle/platforms/android-19/arch-arm/usr/lib]
    arg [--build-id] ==> ignore
    arg [--warn-shared-textrel] ==> ignore
    arg [--fatal-warnings] ==> ignore
    arg [--no-undefined] ==> ignore
    arg [-znoexecstack] ==> ignore
    arg [-zrelro] ==> ignore
    arg [-znow] ==> ignore
    arg [--gc-sections] ==> ignore
    arg [-znocopyreloc] ==> ignore
    arg [--build-id] ==> ignore
    arg [--warn-shared-textrel] ==> ignore
    arg [--fatal-warnings] ==> ignore
    arg [--no-undefined] ==> ignore
    arg [-znoexecstack] ==> ignore
    arg [-zrelro] ==> ignore
    arg [-znow] ==> ignore
    arg [--gc-sections] ==> ignore
    arg [-znocopyreloc] ==> ignore
    arg [CMakeFiles/cmTC_23922.dir/CMakeCCompilerABI.c.o] ==> ignore
    arg [-lgcc] ==> lib [gcc]
    arg [-ldl] ==> lib [dl]
    arg [-lc] ==> lib [c]
    arg [-lgcc] ==> lib [gcc]
    arg [-ldl] ==> lib [dl]
    arg [/home/coolshou/Android/Sdk/ndk-bundle/platforms/android-19/arch-arm/usr/lib/../lib/crtend_android.o] ==> ignore
  remove lib [gcc]
  remove lib [gcc]
  collapse library dir [/home/coolshou/Android/Sdk/ndk-bundle/toolchains/arm-linux-androideabi-4.9/prebuilt/linux-x86_64/lib/gcc/arm-linux-androideabi/4.9.x] ==> [/home/coolshou/Android/Sdk/ndk-bundle/toolchains/arm-linux-androideabi-4.9/prebuilt/linux-x86_64/lib/gcc/arm-linux-androideabi/4.9.x]
  collapse library dir [/home/coolshou/Android/Sdk/ndk-bundle/toolchains/arm-linux-androideabi-4.9/prebuilt/linux-x86_64/lib/gcc/arm-linux-androideabi/4.9.x/../../../../arm-linux-androideabi/lib/../lib] ==> [/home/coolshou/Android/Sdk/ndk-bundle/toolchains/arm-linux-androideabi-4.9/prebuilt/linux-x86_64/arm-linux-androideabi/lib]
  collapse library dir [/home/coolshou/Android/Sdk/ndk-bundle/platforms/android-19/arch-arm/usr/lib/../lib] ==> [/home/coolshou/Android/Sdk/ndk-bundle/platforms/android-19/arch-arm/usr/lib]
  collapse library dir [/home/coolshou/Android/Sdk/ndk-bundle/toolchains/arm-linux-androideabi-4.9/prebuilt/linux-x86_64/lib/gcc/arm-linux-androideabi/4.9.x/../../../../arm-linux-androideabi/lib] ==> [/home/coolshou/Android/Sdk/ndk-bundle/toolchains/arm-linux-androideabi-4.9/prebuilt/linux-x86_64/arm-linux-androideabi/lib]
  collapse library dir [/home/coolshou/Android/Sdk/ndk-bundle/platforms/android-19/arch-arm/usr/lib] ==> [/home/coolshou/Android/Sdk/ndk-bundle/platforms/android-19/arch-arm/usr/lib]
  implicit libs: [dl;c;dl]
  implicit dirs: [/home/coolshou/Android/Sdk/ndk-bundle/toolchains/arm-linux-androideabi-4.9/prebuilt/linux-x86_64/lib/gcc/arm-linux-androideabi/4.9.x;/home/coolshou/Android/Sdk/ndk-bundle/toolchains/arm-linux-androideabi-4.9/prebuilt/linux-x86_64/arm-linux-androideabi/lib;/home/coolshou/Android/Sdk/ndk-bundle/platforms/android-19/arch-arm/usr/lib]
  implicit fwks: []


Determining if the CXX compiler works passed with the following output:
Change Dir: /home/coolshou/sdb2/develop/BtCarduino/Android/app/.externalNativeBuild/cmake/release/armeabi/CMakeFiles/CMakeTmp

Run Build Command:"/home/coolshou/Android/Sdk/cmake/3.6.3155560/bin/ninja" "cmTC_215d0"
[1/2] Building CXX object CMakeFiles/cmTC_215d0.dir/testCXXCompiler.cxx.o
[2/2] Linking CXX executable cmTC_215d0


Detecting CXX compiler ABI info compiled with the following output:
Change Dir: /home/coolshou/sdb2/develop/BtCarduino/Android/app/.externalNativeBuild/cmake/release/armeabi/CMakeFiles/CMakeTmp

Run Build Command:"/home/coolshou/Android/Sdk/cmake/3.6.3155560/bin/ninja" "cmTC_5d1d7"
[1/2] Building CXX object CMakeFiles/cmTC_5d1d7.dir/CMakeCXXCompilerABI.cpp.o
[2/2] Linking CXX executable cmTC_5d1d7
Android clang version 3.8.256229  (based on LLVM 3.8.256229)
Target: armv5te-none-linux-android
Thread model: posix
InstalledDir: /home/coolshou/Android/Sdk/ndk-bundle/toolchains/llvm/prebuilt/linux-x86_64/bin
Found candidate GCC installation: /home/coolshou/Android/Sdk/ndk-bundle/toolchains/arm-linux-androideabi-4.9/prebuilt/linux-x86_64/lib/gcc/arm-linux-androideabi/4.9.x
Selected GCC installation: /home/coolshou/Android/Sdk/ndk-bundle/toolchains/arm-linux-androideabi-4.9/prebuilt/linux-x86_64/lib/gcc/arm-linux-androideabi/4.9.x
Candidate multilib: .;@m32
Selected multilib: .;@m32
 "/home/coolshou/Android/Sdk/ndk-bundle/toolchains/arm-linux-androideabi-4.9/prebuilt/linux-x86_64/lib/gcc/arm-linux-androideabi/4.9.x/../../../../arm-linux-androideabi/bin/ld" --sysroot=/home/coolshou/Android/Sdk/ndk-bundle/platforms/android-19/arch-arm -pie -z relro -X --build-id --eh-frame-hdr -m armelf_linux_eabi -dynamic-linker /system/bin/linker -o cmTC_5d1d7 /home/coolshou/Android/Sdk/ndk-bundle/platforms/android-19/arch-arm/usr/lib/../lib/crtbegin_dynamic.o -L/home/coolshou/Android/Sdk/ndk-bundle/toolchains/arm-linux-androideabi-4.9/prebuilt/linux-x86_64/lib/gcc/arm-linux-androideabi/4.9.x -L/home/coolshou/Android/Sdk/ndk-bundle/toolchains/arm-linux-androideabi-4.9/prebuilt/linux-x86_64/lib/gcc/arm-linux-androideabi/4.9.x/../../../../arm-linux-androideabi/lib/../lib -L/home/coolshou/Android/Sdk/ndk-bundle/platforms/android-19/arch-arm/usr/lib/../lib -L/home/coolshou/Android/Sdk/ndk-bundle/toolchains/arm-linux-androideabi-4.9/prebuilt/linux-x86_64/lib/gcc/arm-linux-androideabi/4.9.x/../../../../arm-linux-androideabi/lib -L/home/coolshou/Android/Sdk/ndk-bundle/platforms/android-19/arch-arm/usr/lib --build-id --warn-shared-textrel --fatal-warnings --no-undefined -z noexecstack -z relro -z now --gc-sections -z nocopyreloc --build-id --warn-shared-textrel --fatal-warnings --no-undefined -z noexecstack -z relro -z now --gc-sections -z nocopyreloc CMakeFiles/cmTC_5d1d7.dir/CMakeCXXCompilerABI.cpp.o -lstdc++ -lm -lgcc -lgcc -ldl -lc -lgcc -lgcc -ldl /home/coolshou/Android/Sdk/ndk-bundle/platforms/android-19/arch-arm/usr/lib/../lib/crtend_android.o


Parsed CXX implicit link information from above output:
  link line regex: [^( *|.*[/\])(arm-linux-androideabi-ld|([^/\]+-)?ld|collect2)[^/\]*( |$)]
  ignore line: [Change Dir: /home/coolshou/sdb2/develop/BtCarduino/Android/app/.externalNativeBuild/cmake/release/armeabi/CMakeFiles/CMakeTmp]
  ignore line: []
  ignore line: [Run Build Command:"/home/coolshou/Android/Sdk/cmake/3.6.3155560/bin/ninja" "cmTC_5d1d7"]
  ignore line: [[1/2] Building CXX object CMakeFiles/cmTC_5d1d7.dir/CMakeCXXCompilerABI.cpp.o]
  ignore line: [[2/2] Linking CXX executable cmTC_5d1d7]
  ignore line: [Android clang version 3.8.256229  (based on LLVM 3.8.256229)]
  ignore line: [Target: armv5te-none-linux-android]
  ignore line: [Thread model: posix]
  ignore line: [InstalledDir: /home/coolshou/Android/Sdk/ndk-bundle/toolchains/llvm/prebuilt/linux-x86_64/bin]
  ignore line: [Found candidate GCC installation: /home/coolshou/Android/Sdk/ndk-bundle/toolchains/arm-linux-androideabi-4.9/prebuilt/linux-x86_64/lib/gcc/arm-linux-androideabi/4.9.x]
  ignore line: [Selected GCC installation: /home/coolshou/Android/Sdk/ndk-bundle/toolchains/arm-linux-androideabi-4.9/prebuilt/linux-x86_64/lib/gcc/arm-linux-androideabi/4.9.x]
  ignore line: [Candidate multilib: .]
  ignore line: [@m32]
  ignore line: [Selected multilib: .]
  ignore line: [@m32]
  link line: [ "/home/coolshou/Android/Sdk/ndk-bundle/toolchains/arm-linux-androideabi-4.9/prebuilt/linux-x86_64/lib/gcc/arm-linux-androideabi/4.9.x/../../../../arm-linux-androideabi/bin/ld" --sysroot=/home/coolshou/Android/Sdk/ndk-bundle/platforms/android-19/arch-arm -pie -z relro -X --build-id --eh-frame-hdr -m armelf_linux_eabi -dynamic-linker /system/bin/linker -o cmTC_5d1d7 /home/coolshou/Android/Sdk/ndk-bundle/platforms/android-19/arch-arm/usr/lib/../lib/crtbegin_dynamic.o -L/home/coolshou/Android/Sdk/ndk-bundle/toolchains/arm-linux-androideabi-4.9/prebuilt/linux-x86_64/lib/gcc/arm-linux-androideabi/4.9.x -L/home/coolshou/Android/Sdk/ndk-bundle/toolchains/arm-linux-androideabi-4.9/prebuilt/linux-x86_64/lib/gcc/arm-linux-androideabi/4.9.x/../../../../arm-linux-androideabi/lib/../lib -L/home/coolshou/Android/Sdk/ndk-bundle/platforms/android-19/arch-arm/usr/lib/../lib -L/home/coolshou/Android/Sdk/ndk-bundle/toolchains/arm-linux-androideabi-4.9/prebuilt/linux-x86_64/lib/gcc/arm-linux-androideabi/4.9.x/../../../../arm-linux-androideabi/lib -L/home/coolshou/Android/Sdk/ndk-bundle/platforms/android-19/arch-arm/usr/lib --build-id --warn-shared-textrel --fatal-warnings --no-undefined -z noexecstack -z relro -z now --gc-sections -z nocopyreloc --build-id --warn-shared-textrel --fatal-warnings --no-undefined -z noexecstack -z relro -z now --gc-sections -z nocopyreloc CMakeFiles/cmTC_5d1d7.dir/CMakeCXXCompilerABI.cpp.o -lstdc++ -lm -lgcc -lgcc -ldl -lc -lgcc -lgcc -ldl /home/coolshou/Android/Sdk/ndk-bundle/platforms/android-19/arch-arm/usr/lib/../lib/crtend_android.o]
    arg [/home/coolshou/Android/Sdk/ndk-bundle/toolchains/arm-linux-androideabi-4.9/prebuilt/linux-x86_64/lib/gcc/arm-linux-androideabi/4.9.x/../../../../arm-linux-androideabi/bin/ld] ==> ignore
    arg [--sysroot=/home/coolshou/Android/Sdk/ndk-bundle/platforms/android-19/arch-arm] ==> ignore
    arg [-pie] ==> ignore
    arg [-zrelro] ==> ignore
    arg [-X] ==> ignore
    arg [--build-id] ==> ignore
    arg [--eh-frame-hdr] ==> ignore
    arg [-m] ==> ignore
    arg [armelf_linux_eabi] ==> ignore
    arg [-dynamic-linker] ==> ignore
    arg [/system/bin/linker] ==> ignore
    arg [-o] ==> ignore
    arg [cmTC_5d1d7] ==> ignore
    arg [/home/coolshou/Android/Sdk/ndk-bundle/platforms/android-19/arch-arm/usr/lib/../lib/crtbegin_dynamic.o] ==> ignore
    arg [-L/home/coolshou/Android/Sdk/ndk-bundle/toolchains/arm-linux-androideabi-4.9/prebuilt/linux-x86_64/lib/gcc/arm-linux-androideabi/4.9.x] ==> dir [/home/coolshou/Android/Sdk/ndk-bundle/toolchains/arm-linux-androideabi-4.9/prebuilt/linux-x86_64/lib/gcc/arm-linux-androideabi/4.9.x]
    arg [-L/home/coolshou/Android/Sdk/ndk-bundle/toolchains/arm-linux-androideabi-4.9/prebuilt/linux-x86_64/lib/gcc/arm-linux-androideabi/4.9.x/../../../../arm-linux-androideabi/lib/../lib] ==> dir [/home/coolshou/Android/Sdk/ndk-bundle/toolchains/arm-linux-androideabi-4.9/prebuilt/linux-x86_64/lib/gcc/arm-linux-androideabi/4.9.x/../../../../arm-linux-androideabi/lib/../lib]
    arg [-L/home/coolshou/Android/Sdk/ndk-bundle/platforms/android-19/arch-arm/usr/lib/../lib] ==> dir [/home/coolshou/Android/Sdk/ndk-bundle/platforms/android-19/arch-arm/usr/lib/../lib]
    arg [-L/home/coolshou/Android/Sdk/ndk-bundle/toolchains/arm-linux-androideabi-4.9/prebuilt/linux-x86_64/lib/gcc/arm-linux-androideabi/4.9.x/../../../../arm-linux-androideabi/lib] ==> dir [/home/coolshou/Android/Sdk/ndk-bundle/toolchains/arm-linux-androideabi-4.9/prebuilt/linux-x86_64/lib/gcc/arm-linux-androideabi/4.9.x/../../../../arm-linux-androideabi/lib]
    arg [-L/home/coolshou/Android/Sdk/ndk-bundle/platforms/android-19/arch-arm/usr/lib] ==> dir [/home/coolshou/Android/Sdk/ndk-bundle/platforms/android-19/arch-arm/usr/lib]
    arg [--build-id] ==> ignore
    arg [--warn-shared-textrel] ==> ignore
    arg [--fatal-warnings] ==> ignore
    arg [--no-undefined] ==> ignore
    arg [-znoexecstack] ==> ignore
    arg [-zrelro] ==> ignore
    arg [-znow] ==> ignore
    arg [--gc-sections] ==> ignore
    arg [-znocopyreloc] ==> ignore
    arg [--build-id] ==> ignore
    arg [--warn-shared-textrel] ==> ignore
    arg [--fatal-warnings] ==> ignore
    arg [--no-undefined] ==> ignore
    arg [-znoexecstack] ==> ignore
    arg [-zrelro] ==> ignore
    arg [-znow] ==> ignore
    arg [--gc-sections] ==> ignore
    arg [-znocopyreloc] ==> ignore
    arg [CMakeFiles/cmTC_5d1d7.dir/CMakeCXXCompilerABI.cpp.o] ==> ignore
    arg [-lstdc++] ==> lib [stdc++]
    arg [-lm] ==> lib [m]
    arg [-lgcc] ==> lib [gcc]
    arg [-lgcc] ==> lib [gcc]
    arg [-ldl] ==> lib [dl]
    arg [-lc] ==> lib [c]
    arg [-lgcc] ==> lib [gcc]
    arg [-lgcc] ==> lib [gcc]
    arg [-ldl] ==> lib [dl]
    arg [/home/coolshou/Android/Sdk/ndk-bundle/platforms/android-19/arch-arm/usr/lib/../lib/crtend_android.o] ==> ignore
  remove lib [gcc]
  remove lib [gcc]
  remove lib [gcc]
  remove lib [gcc]
  collapse library dir [/home/coolshou/Android/Sdk/ndk-bundle/toolchains/arm-linux-androideabi-4.9/prebuilt/linux-x86_64/lib/gcc/arm-linux-androideabi/4.9.x] ==> [/home/coolshou/Android/Sdk/ndk-bundle/toolchains/arm-linux-androideabi-4.9/prebuilt/linux-x86_64/lib/gcc/arm-linux-androideabi/4.9.x]
  collapse library dir [/home/coolshou/Android/Sdk/ndk-bundle/toolchains/arm-linux-androideabi-4.9/prebuilt/linux-x86_64/lib/gcc/arm-linux-androideabi/4.9.x/../../../../arm-linux-androideabi/lib/../lib] ==> [/home/coolshou/Android/Sdk/ndk-bundle/toolchains/arm-linux-androideabi-4.9/prebuilt/linux-x86_64/arm-linux-androideabi/lib]
  collapse library dir [/home/coolshou/Android/Sdk/ndk-bundle/platforms/android-19/arch-arm/usr/lib/../lib] ==> [/home/coolshou/Android/Sdk/ndk-bundle/platforms/android-19/arch-arm/usr/lib]
  collapse library dir [/home/coolshou/Android/Sdk/ndk-bundle/toolchains/arm-linux-androideabi-4.9/prebuilt/linux-x86_64/lib/gcc/arm-linux-androideabi/4.9.x/../../../../arm-linux-androideabi/lib] ==> [/home/coolshou/Android/Sdk/ndk-bundle/toolchains/arm-linux-androideabi-4.9/prebuilt/linux-x86_64/arm-linux-androideabi/lib]
  collapse library dir [/home/coolshou/Android/Sdk/ndk-bundle/platforms/android-19/arch-arm/usr/lib] ==> [/home/coolshou/Android/Sdk/ndk-bundle/platforms/android-19/arch-arm/usr/lib]
  implicit libs: [stdc++;m;dl;c;dl]
  implicit dirs: [/home/coolshou/Android/Sdk/ndk-bundle/toolchains/arm-linux-androideabi-4.9/prebuilt/linux-x86_64/lib/gcc/arm-linux-androideabi/4.9.x;/home/coolshou/Android/Sdk/ndk-bundle/toolchains/arm-linux-androideabi-4.9/prebuilt/linux-x86_64/arm-linux-androideabi/lib;/home/coolshou/Android/Sdk/ndk-bundle/platforms/android-19/arch-arm/usr/lib]
  implicit fwks: []


